<?xml version="1.0" encoding="UTF-8"?>
<testng-results ignored="1" total="3" passed="2" failed="0" skipped="0">
  <reporter-output>
  </reporter-output>
  <suite started-at="2023-01-25T11:54:40 CET" name="Suite" finished-at="2023-01-25T11:55:22 CET" duration-ms="42528">
    <groups>
      <group name="Search">
        <method signature="SearchTest08.searcProduct(java.util.HashMap)[pri:0, instance:Academy.KP18012023.SearchTest08@2e8c1c9b]" name="searcProduct" class="Academy.KP18012023.SearchTest08"/>
      </group> <!-- Search -->
    </groups>
    <test started-at="2023-01-25T11:54:40 CET" name="Error Handling Test" finished-at="2023-01-25T11:54:40 CET" duration-ms="38">
    </test> <!-- Error Handling Test -->
    <test started-at="2023-01-25T11:54:40 CET" name="Search Product Test" finished-at="2023-01-25T11:55:22 CET" duration-ms="42528">
      <class name="Academy.KP18012023.SearchTest08">
        <test-method is-config="true" signature="launchApplication()[pri:0, instance:Academy.KP18012023.SearchTest08@2e8c1c9b]" started-at="2023-01-25T11:54:40 CET" name="launchApplication" finished-at="2023-01-25T11:54:53 CET" duration-ms="12151" status="PASS">
          <reporter-output>
          </reporter-output>
        </test-method> <!-- launchApplication -->
        <test-method signature="searcProduct(java.util.HashMap)[pri:0, instance:Academy.KP18012023.SearchTest08@2e8c1c9b]" started-at="2023-01-25T11:54:53 CET" name="searcProduct" data-provider="getData" finished-at="2023-01-25T11:55:02 CET" duration-ms="9770" status="PASS">
          <params>
            <param index="0">
              <value>
                <![CDATA[{wantedCategoryHM=Mobilni telefoni, wantedProductHM=Samsung}]]>
              </value>
            </param>
          </params>
          <reporter-output>
          </reporter-output>
        </test-method> <!-- searcProduct -->
        <test-method is-config="true" signature="closeBrowser()[pri:0, instance:Academy.KP18012023.SearchTest08@2e8c1c9b]" started-at="2023-01-25T11:55:02 CET" name="closeBrowser" finished-at="2023-01-25T11:55:04 CET" duration-ms="1332" status="PASS">
          <reporter-output>
          </reporter-output>
        </test-method> <!-- closeBrowser -->
        <test-method is-config="true" signature="launchApplication()[pri:0, instance:Academy.KP18012023.SearchTest08@2e8c1c9b]" started-at="2023-01-25T11:55:04 CET" name="launchApplication" finished-at="2023-01-25T11:55:12 CET" duration-ms="8616" status="PASS">
          <reporter-output>
          </reporter-output>
        </test-method> <!-- launchApplication -->
        <test-method signature="searcProduct(java.util.HashMap)[pri:0, instance:Academy.KP18012023.SearchTest08@2e8c1c9b]" started-at="2023-01-25T11:55:12 CET" name="searcProduct" data-provider="getData" finished-at="2023-01-25T11:55:21 CET" duration-ms="8751" status="PASS">
          <params>
            <param index="0">
              <value>
                <![CDATA[{wantedCategoryHM=Mobilni telefoni, wantedProductHM=Apple iPhone}]]>
              </value>
            </param>
          </params>
          <reporter-output>
          </reporter-output>
        </test-method> <!-- searcProduct -->
        <test-method is-config="true" signature="closeBrowser()[pri:0, instance:Academy.KP18012023.SearchTest08@2e8c1c9b]" started-at="2023-01-25T11:55:21 CET" name="closeBrowser" finished-at="2023-01-25T11:55:22 CET" duration-ms="1312" status="PASS">
          <reporter-output>
          </reporter-output>
        </test-method> <!-- closeBrowser -->
      </class> <!-- Academy.KP18012023.SearchTest08 -->
    </test> <!-- Search Product Test -->
  </suite> <!-- Suite -->
</testng-results>
